2019-11-28 [restartedMain] INFO  com.wangzhihao.springboot.SpringbootApplication - Starting SpringbootApplication on DESKTOP-F2HSABP with PID 38172 (started by sinosoft in D:\IntelliJ IDEA 2018.2.1\workspace\springboot)
2019-11-28 [restartedMain] INFO  com.wangzhihao.springboot.SpringbootApplication - The following profiles are active: dev
2019-11-28 [restartedMain] INFO  o.s.b.d.env.DevToolsPropertyDefaultsPostProcessor - Devtools property defaults active! Set 'spring.devtools.add-properties' to 'false' to disable
2019-11-28 [restartedMain] INFO  o.s.b.d.env.DevToolsPropertyDefaultsPostProcessor - For additional web related logging consider setting the 'logging.level.web' property to 'DEBUG'
2019-11-28 [restartedMain] INFO  o.s.boot.web.embedded.tomcat.TomcatWebServer - Tomcat initialized with port(s): 80 (http)
2019-11-28 [restartedMain] INFO  org.apache.catalina.core.StandardService - Starting service [Tomcat]
2019-11-28 [restartedMain] INFO  org.apache.catalina.core.StandardEngine - Starting Servlet engine: [Apache Tomcat/9.0.24]
2019-11-28 [restartedMain] INFO  o.a.c.c.C.[Tomcat].[localhost].[/springboot] - Initializing Spring embedded WebApplicationContext
2019-11-28 [restartedMain] INFO  org.springframework.web.context.ContextLoader - Root WebApplicationContext: initialization completed in 2047 ms
2019-11-28 [restartedMain] INFO  o.s.scheduling.concurrent.ThreadPoolTaskExecutor - Initializing ExecutorService 'applicationTaskExecutor'
2019-11-28 [restartedMain] INFO  o.s.b.a.web.servlet.WelcomePageHandlerMapping - Adding welcome page: class path resource [static/index.html]
2019-11-28 [restartedMain] INFO  o.s.b.d.autoconfigure.OptionalLiveReloadServer - LiveReload server is running on port 35729
2019-11-28 [restartedMain] INFO  o.s.boot.web.embedded.tomcat.TomcatWebServer - Tomcat started on port(s): 80 (http) with context path '/springboot'
2019-11-28 [restartedMain] INFO  com.wangzhihao.springboot.SpringbootApplication - Started SpringbootApplication in 3.765 seconds (JVM running for 5.488)
2019-11-28 [Thread-14] INFO  o.s.scheduling.concurrent.ThreadPoolTaskExecutor - Shutting down ExecutorService 'applicationTaskExecutor'
2019-11-28 [restartedMain] INFO  com.wangzhihao.springboot.SpringbootApplication - Starting SpringbootApplication on DESKTOP-F2HSABP with PID 38172 (started by sinosoft in D:\IntelliJ IDEA 2018.2.1\workspace\springboot)
2019-11-28 [restartedMain] INFO  com.wangzhihao.springboot.SpringbootApplication - The following profiles are active: dev
2019-11-28 [restartedMain] INFO  o.s.boot.web.embedded.tomcat.TomcatWebServer - Tomcat initialized with port(s): 80 (http)
2019-11-28 [restartedMain] INFO  org.apache.catalina.core.StandardService - Starting service [Tomcat]
2019-11-28 [restartedMain] INFO  org.apache.catalina.core.StandardEngine - Starting Servlet engine: [Apache Tomcat/9.0.24]
2019-11-28 [restartedMain] INFO  o.a.c.c.C.[Tomcat].[localhost].[/springboot] - Initializing Spring embedded WebApplicationContext
2019-11-28 [restartedMain] INFO  org.springframework.web.context.ContextLoader - Root WebApplicationContext: initialization completed in 797 ms
2019-11-28 [restartedMain] INFO  o.s.scheduling.concurrent.ThreadPoolTaskExecutor - Initializing ExecutorService 'applicationTaskExecutor'
2019-11-28 [restartedMain] INFO  o.s.b.a.web.servlet.WelcomePageHandlerMapping - Adding welcome page: class path resource [static/index.html]
2019-11-28 [restartedMain] INFO  o.s.b.d.autoconfigure.OptionalLiveReloadServer - LiveReload server is running on port 35729
2019-11-28 [restartedMain] INFO  o.s.boot.web.embedded.tomcat.TomcatWebServer - Tomcat started on port(s): 80 (http) with context path '/springboot'
2019-11-28 [restartedMain] INFO  com.wangzhihao.springboot.SpringbootApplication - Started SpringbootApplication in 1.359 seconds (JVM running for 266.171)
2019-11-28 [restartedMain] INFO  o.s.b.d.a.ConditionEvaluationDeltaLoggingListener - Condition evaluation unchanged
2019-11-28 [http-nio-80-exec-1] INFO  o.a.c.c.C.[Tomcat].[localhost].[/springboot] - Initializing Spring DispatcherServlet 'dispatcherServlet'
2019-11-28 [http-nio-80-exec-1] INFO  org.springframework.web.servlet.DispatcherServlet - Initializing Servlet 'dispatcherServlet'
2019-11-28 [http-nio-80-exec-1] INFO  org.springframework.web.servlet.DispatcherServlet - Completed initialization in 9 ms
2019-11-28 [http-nio-80-exec-1] INFO  com.alibaba.druid.pool.DruidDataSource - {dataSource-1} inited
2019-11-28 [http-nio-80-exec-1] DEBUG c.wangzhihao.springboot.mapper.UserMapper.queryOne - ==>  Preparing: select * from user where id = ?; 
2019-11-28 [http-nio-80-exec-1] DEBUG c.wangzhihao.springboot.mapper.UserMapper.queryOne - ==> Parameters: 1(Integer)
2019-11-28 [http-nio-80-exec-1] DEBUG c.wangzhihao.springboot.mapper.UserMapper.queryOne - <==      Total: 1
2019-11-28 [Thread-22] INFO  o.s.scheduling.concurrent.ThreadPoolTaskExecutor - Shutting down ExecutorService 'applicationTaskExecutor'
2019-11-28 [Thread-22] INFO  com.alibaba.druid.pool.DruidDataSource - {dataSource-1} closed
2019-11-28 [restartedMain] INFO  com.wangzhihao.springboot.SpringbootApplication - Starting SpringbootApplication on DESKTOP-F2HSABP with PID 38172 (started by sinosoft in D:\IntelliJ IDEA 2018.2.1\workspace\springboot)
2019-11-28 [restartedMain] INFO  com.wangzhihao.springboot.SpringbootApplication - The following profiles are active: dev
2019-11-28 [restartedMain] INFO  o.s.boot.web.embedded.tomcat.TomcatWebServer - Tomcat initialized with port(s): 80 (http)
2019-11-28 [restartedMain] INFO  org.apache.catalina.core.StandardService - Starting service [Tomcat]
2019-11-28 [restartedMain] INFO  org.apache.catalina.core.StandardEngine - Starting Servlet engine: [Apache Tomcat/9.0.24]
2019-11-28 [restartedMain] INFO  o.a.c.c.C.[Tomcat].[localhost].[/springboot] - Initializing Spring embedded WebApplicationContext
2019-11-28 [restartedMain] INFO  org.springframework.web.context.ContextLoader - Root WebApplicationContext: initialization completed in 687 ms
2019-11-28 [restartedMain] INFO  o.s.scheduling.concurrent.ThreadPoolTaskExecutor - Initializing ExecutorService 'applicationTaskExecutor'
2019-11-28 [restartedMain] INFO  o.s.b.a.web.servlet.WelcomePageHandlerMapping - Adding welcome page: class path resource [static/index.html]
2019-11-28 [restartedMain] INFO  o.s.b.d.autoconfigure.OptionalLiveReloadServer - LiveReload server is running on port 35729
2019-11-28 [restartedMain] INFO  o.s.boot.web.embedded.tomcat.TomcatWebServer - Tomcat started on port(s): 80 (http) with context path '/springboot'
2019-11-28 [restartedMain] INFO  com.wangzhihao.springboot.SpringbootApplication - Started SpringbootApplication in 1.187 seconds (JVM running for 348.223)
2019-11-28 [restartedMain] INFO  o.s.b.d.a.ConditionEvaluationDeltaLoggingListener - Condition evaluation unchanged
2019-11-28 [http-nio-80-exec-1] INFO  o.a.c.c.C.[Tomcat].[localhost].[/springboot] - Initializing Spring DispatcherServlet 'dispatcherServlet'
2019-11-28 [http-nio-80-exec-1] INFO  org.springframework.web.servlet.DispatcherServlet - Initializing Servlet 'dispatcherServlet'
2019-11-28 [http-nio-80-exec-1] INFO  org.springframework.web.servlet.DispatcherServlet - Completed initialization in 5 ms
2019-11-28 [http-nio-80-exec-1] INFO  com.alibaba.druid.pool.DruidDataSource - {dataSource-2} inited
2019-11-28 [http-nio-80-exec-1] DEBUG c.wangzhihao.springboot.mapper.UserMapper.queryOne - ==>  Preparing: select * from user where id = ?; 
2019-11-28 [http-nio-80-exec-1] DEBUG c.wangzhihao.springboot.mapper.UserMapper.queryOne - ==> Parameters: 1(Integer)
2019-11-28 [http-nio-80-exec-1] DEBUG c.wangzhihao.springboot.mapper.UserMapper.queryOne - <==      Total: 1
2019-11-28 [http-nio-80-exec-9] DEBUG c.w.springboot.mapper.UserMapper.updateOne - ==>  Preparing: update user set username=?,password=? where id=?; 
2019-11-28 [http-nio-80-exec-9] DEBUG c.w.springboot.mapper.UserMapper.updateOne - ==> Parameters: wangzhihao(String), aaa(String), 1(Integer)
2019-11-28 [http-nio-80-exec-9] DEBUG c.w.springboot.mapper.UserMapper.updateOne - <==    Updates: 1
2019-11-28 [http-nio-80-exec-10] WARN  o.s.w.s.m.support.DefaultHandlerExceptionResolver - Resolved [org.springframework.web.HttpRequestMethodNotSupportedException: Request method 'PUT' not supported]
2019-11-28 [Thread-28] INFO  o.s.scheduling.concurrent.ThreadPoolTaskExecutor - Shutting down ExecutorService 'applicationTaskExecutor'
2019-11-28 [Thread-28] INFO  com.alibaba.druid.pool.DruidDataSource - {dataSource-2} closed
2019-11-28 [restartedMain] INFO  com.wangzhihao.springboot.SpringbootApplication - Starting SpringbootApplication on DESKTOP-F2HSABP with PID 38172 (started by sinosoft in D:\IntelliJ IDEA 2018.2.1\workspace\springboot)
2019-11-28 [restartedMain] INFO  com.wangzhihao.springboot.SpringbootApplication - The following profiles are active: dev
2019-11-28 [restartedMain] INFO  o.s.boot.web.embedded.tomcat.TomcatWebServer - Tomcat initialized with port(s): 80 (http)
2019-11-28 [restartedMain] INFO  org.apache.catalina.core.StandardService - Starting service [Tomcat]
2019-11-28 [restartedMain] INFO  org.apache.catalina.core.StandardEngine - Starting Servlet engine: [Apache Tomcat/9.0.24]
2019-11-28 [restartedMain] INFO  o.a.c.c.C.[Tomcat].[localhost].[/springboot] - Initializing Spring embedded WebApplicationContext
2019-11-28 [restartedMain] INFO  org.springframework.web.context.ContextLoader - Root WebApplicationContext: initialization completed in 765 ms
2019-11-28 [restartedMain] INFO  o.s.scheduling.concurrent.ThreadPoolTaskExecutor - Initializing ExecutorService 'applicationTaskExecutor'
2019-11-28 [restartedMain] INFO  o.s.b.a.web.servlet.WelcomePageHandlerMapping - Adding welcome page: class path resource [static/index.html]
2019-11-28 [restartedMain] INFO  o.s.b.d.autoconfigure.OptionalLiveReloadServer - LiveReload server is running on port 35729
2019-11-28 [restartedMain] INFO  o.s.boot.web.embedded.tomcat.TomcatWebServer - Tomcat started on port(s): 80 (http) with context path '/springboot'
2019-11-28 [restartedMain] INFO  com.wangzhihao.springboot.SpringbootApplication - Started SpringbootApplication in 1.495 seconds (JVM running for 568.816)
2019-11-28 [restartedMain] INFO  o.s.b.d.a.ConditionEvaluationDeltaLoggingListener - Condition evaluation unchanged
2019-11-28 [http-nio-80-exec-2] INFO  o.a.c.c.C.[Tomcat].[localhost].[/springboot] - Initializing Spring DispatcherServlet 'dispatcherServlet'
2019-11-28 [http-nio-80-exec-2] INFO  org.springframework.web.servlet.DispatcherServlet - Initializing Servlet 'dispatcherServlet'
2019-11-28 [http-nio-80-exec-2] INFO  org.springframework.web.servlet.DispatcherServlet - Completed initialization in 6 ms
2019-11-28 [http-nio-80-exec-2] INFO  com.alibaba.druid.pool.DruidDataSource - {dataSource-3} inited
2019-11-28 [http-nio-80-exec-2] DEBUG c.wangzhihao.springboot.mapper.UserMapper.queryOne - ==>  Preparing: select * from user where id = ?; 
2019-11-28 [http-nio-80-exec-2] DEBUG c.wangzhihao.springboot.mapper.UserMapper.queryOne - ==> Parameters: 1(Integer)
2019-11-28 [http-nio-80-exec-2] DEBUG c.wangzhihao.springboot.mapper.UserMapper.queryOne - <==      Total: 1
2019-11-28 [http-nio-80-exec-5] DEBUG c.w.springboot.mapper.UserMapper.updateOne - ==>  Preparing: update user set username=?,password=? where id=?; 
2019-11-28 [http-nio-80-exec-5] DEBUG c.w.springboot.mapper.UserMapper.updateOne - ==> Parameters: wangzhihao(String), aaa(String), 1(Integer)
2019-11-28 [http-nio-80-exec-5] DEBUG c.w.springboot.mapper.UserMapper.updateOne - <==    Updates: 1
2019-11-28 [http-nio-80-exec-6] ERROR o.a.c.c.C.[.[.[/springboot].[dispatcherServlet] - Servlet.service() for servlet [dispatcherServlet] in context with path [/springboot] threw exception [Request processing failed; nested exception is java.lang.ClassCastException: java.lang.Integer cannot be cast to com.wangzhihao.springboot.entity.User] with root cause
java.lang.ClassCastException: java.lang.Integer cannot be cast to com.wangzhihao.springboot.entity.User
	at com.wangzhihao.springboot.service.impl.UserServiceImpl$$EnhancerBySpringCGLIB$$9c626d32.queryOne(<generated>) ~[classes/:na]
	at com.wangzhihao.springboot.controller.UserController.queryOne(UserController.java:24) ~[classes/:na]
	at sun.reflect.NativeMethodAccessorImpl.invoke0(Native Method) ~[na:1.8.0_221]
	at sun.reflect.NativeMethodAccessorImpl.invoke(NativeMethodAccessorImpl.java:62) ~[na:1.8.0_221]
	at sun.reflect.DelegatingMethodAccessorImpl.invoke(DelegatingMethodAccessorImpl.java:43) ~[na:1.8.0_221]
	at java.lang.reflect.Method.invoke(Method.java:498) ~[na:1.8.0_221]
	at org.springframework.web.method.support.InvocableHandlerMethod.doInvoke(InvocableHandlerMethod.java:190) ~[spring-web-5.1.9.RELEASE.jar:5.1.9.RELEASE]
	at org.springframework.web.method.support.InvocableHandlerMethod.invokeForRequest(InvocableHandlerMethod.java:138) ~[spring-web-5.1.9.RELEASE.jar:5.1.9.RELEASE]
	at org.springframework.web.servlet.mvc.method.annotation.ServletInvocableHandlerMethod.invokeAndHandle(ServletInvocableHandlerMethod.java:104) ~[spring-webmvc-5.1.9.RELEASE.jar:5.1.9.RELEASE]
	at org.springframework.web.servlet.mvc.method.annotation.RequestMappingHandlerAdapter.invokeHandlerMethod(RequestMappingHandlerAdapter.java:892) ~[spring-webmvc-5.1.9.RELEASE.jar:5.1.9.RELEASE]
	at org.springframework.web.servlet.mvc.method.annotation.RequestMappingHandlerAdapter.handleInternal(RequestMappingHandlerAdapter.java:797) ~[spring-webmvc-5.1.9.RELEASE.jar:5.1.9.RELEASE]
	at org.springframework.web.servlet.mvc.method.AbstractHandlerMethodAdapter.handle(AbstractHandlerMethodAdapter.java:87) ~[spring-webmvc-5.1.9.RELEASE.jar:5.1.9.RELEASE]
	at org.springframework.web.servlet.DispatcherServlet.doDispatch(DispatcherServlet.java:1039) ~[spring-webmvc-5.1.9.RELEASE.jar:5.1.9.RELEASE]
	at org.springframework.web.servlet.DispatcherServlet.doService(DispatcherServlet.java:942) ~[spring-webmvc-5.1.9.RELEASE.jar:5.1.9.RELEASE]
	at org.springframework.web.servlet.FrameworkServlet.processRequest(FrameworkServlet.java:1005) ~[spring-webmvc-5.1.9.RELEASE.jar:5.1.9.RELEASE]
	at org.springframework.web.servlet.FrameworkServlet.doGet(FrameworkServlet.java:897) ~[spring-webmvc-5.1.9.RELEASE.jar:5.1.9.RELEASE]
	at javax.servlet.http.HttpServlet.service(HttpServlet.java:634) ~[tomcat-embed-core-9.0.24.jar:9.0.24]
	at org.springframework.web.servlet.FrameworkServlet.service(FrameworkServlet.java:882) ~[spring-webmvc-5.1.9.RELEASE.jar:5.1.9.RELEASE]
	at javax.servlet.http.HttpServlet.service(HttpServlet.java:741) ~[tomcat-embed-core-9.0.24.jar:9.0.24]
	at org.apache.catalina.core.ApplicationFilterChain.internalDoFilter(ApplicationFilterChain.java:231) ~[tomcat-embed-core-9.0.24.jar:9.0.24]
	at org.apache.catalina.core.ApplicationFilterChain.doFilter(ApplicationFilterChain.java:166) ~[tomcat-embed-core-9.0.24.jar:9.0.24]
	at org.apache.tomcat.websocket.server.WsFilter.doFilter(WsFilter.java:53) ~[tomcat-embed-websocket-9.0.24.jar:9.0.24]
	at org.apache.catalina.core.ApplicationFilterChain.internalDoFilter(ApplicationFilterChain.java:193) ~[tomcat-embed-core-9.0.24.jar:9.0.24]
	at org.apache.catalina.core.ApplicationFilterChain.doFilter(ApplicationFilterChain.java:166) ~[tomcat-embed-core-9.0.24.jar:9.0.24]
	at org.springframework.web.servlet.resource.ResourceUrlEncodingFilter.doFilter(ResourceUrlEncodingFilter.java:63) ~[spring-webmvc-5.1.9.RELEASE.jar:5.1.9.RELEASE]
	at org.apache.catalina.core.ApplicationFilterChain.internalDoFilter(ApplicationFilterChain.java:193) ~[tomcat-embed-core-9.0.24.jar:9.0.24]
	at org.apache.catalina.core.ApplicationFilterChain.doFilter(ApplicationFilterChain.java:166) ~[tomcat-embed-core-9.0.24.jar:9.0.24]
	at com.alibaba.druid.support.http.WebStatFilter.doFilter(WebStatFilter.java:123) ~[druid-1.1.12.jar:1.1.12]
	at org.apache.catalina.core.ApplicationFilterChain.internalDoFilter(ApplicationFilterChain.java:193) ~[tomcat-embed-core-9.0.24.jar:9.0.24]
	at org.apache.catalina.core.ApplicationFilterChain.doFilter(ApplicationFilterChain.java:166) ~[tomcat-embed-core-9.0.24.jar:9.0.24]
	at org.springframework.web.filter.RequestContextFilter.doFilterInternal(RequestContextFilter.java:99) ~[spring-web-5.1.9.RELEASE.jar:5.1.9.RELEASE]
	at org.springframework.web.filter.OncePerRequestFilter.doFilter(OncePerRequestFilter.java:118) ~[spring-web-5.1.9.RELEASE.jar:5.1.9.RELEASE]
	at org.apache.catalina.core.ApplicationFilterChain.internalDoFilter(ApplicationFilterChain.java:193) ~[tomcat-embed-core-9.0.24.jar:9.0.24]
	at org.apache.catalina.core.ApplicationFilterChain.doFilter(ApplicationFilterChain.java:166) ~[tomcat-embed-core-9.0.24.jar:9.0.24]
	at org.springframework.web.filter.FormContentFilter.doFilterInternal(FormContentFilter.java:92) ~[spring-web-5.1.9.RELEASE.jar:5.1.9.RELEASE]
	at org.springframework.web.filter.OncePerRequestFilter.doFilter(OncePerRequestFilter.java:118) ~[spring-web-5.1.9.RELEASE.jar:5.1.9.RELEASE]
	at org.apache.catalina.core.ApplicationFilterChain.internalDoFilter(ApplicationFilterChain.java:193) ~[tomcat-embed-core-9.0.24.jar:9.0.24]
	at org.apache.catalina.core.ApplicationFilterChain.doFilter(ApplicationFilterChain.java:166) ~[tomcat-embed-core-9.0.24.jar:9.0.24]
	at org.springframework.web.filter.HiddenHttpMethodFilter.doFilterInternal(HiddenHttpMethodFilter.java:93) ~[spring-web-5.1.9.RELEASE.jar:5.1.9.RELEASE]
	at org.springframework.web.filter.OncePerRequestFilter.doFilter(OncePerRequestFilter.java:118) ~[spring-web-5.1.9.RELEASE.jar:5.1.9.RELEASE]
	at org.apache.catalina.core.ApplicationFilterChain.internalDoFilter(ApplicationFilterChain.java:193) ~[tomcat-embed-core-9.0.24.jar:9.0.24]
	at org.apache.catalina.core.ApplicationFilterChain.doFilter(ApplicationFilterChain.java:166) ~[tomcat-embed-core-9.0.24.jar:9.0.24]
	at org.springframework.web.filter.CharacterEncodingFilter.doFilterInternal(CharacterEncodingFilter.java:200) ~[spring-web-5.1.9.RELEASE.jar:5.1.9.RELEASE]
	at org.springframework.web.filter.OncePerRequestFilter.doFilter(OncePerRequestFilter.java:118) ~[spring-web-5.1.9.RELEASE.jar:5.1.9.RELEASE]
	at org.apache.catalina.core.ApplicationFilterChain.internalDoFilter(ApplicationFilterChain.java:193) ~[tomcat-embed-core-9.0.24.jar:9.0.24]
	at org.apache.catalina.core.ApplicationFilterChain.doFilter(ApplicationFilterChain.java:166) ~[tomcat-embed-core-9.0.24.jar:9.0.24]
	at org.apache.catalina.core.StandardWrapperValve.invoke(StandardWrapperValve.java:202) ~[tomcat-embed-core-9.0.24.jar:9.0.24]
	at org.apache.catalina.core.StandardContextValve.invoke(StandardContextValve.java:96) [tomcat-embed-core-9.0.24.jar:9.0.24]
	at org.apache.catalina.authenticator.AuthenticatorBase.invoke(AuthenticatorBase.java:526) [tomcat-embed-core-9.0.24.jar:9.0.24]
	at org.apache.catalina.core.StandardHostValve.invoke(StandardHostValve.java:139) [tomcat-embed-core-9.0.24.jar:9.0.24]
	at org.apache.catalina.valves.ErrorReportValve.invoke(ErrorReportValve.java:92) [tomcat-embed-core-9.0.24.jar:9.0.24]
	at org.apache.catalina.core.StandardEngineValve.invoke(StandardEngineValve.java:74) [tomcat-embed-core-9.0.24.jar:9.0.24]
	at org.apache.catalina.connector.CoyoteAdapter.service(CoyoteAdapter.java:343) [tomcat-embed-core-9.0.24.jar:9.0.24]
	at org.apache.coyote.http11.Http11Processor.service(Http11Processor.java:408) [tomcat-embed-core-9.0.24.jar:9.0.24]
	at org.apache.coyote.AbstractProcessorLight.process(AbstractProcessorLight.java:66) [tomcat-embed-core-9.0.24.jar:9.0.24]
	at org.apache.coyote.AbstractProtocol$ConnectionHandler.process(AbstractProtocol.java:860) [tomcat-embed-core-9.0.24.jar:9.0.24]
	at org.apache.tomcat.util.net.NioEndpoint$SocketProcessor.doRun(NioEndpoint.java:1587) [tomcat-embed-core-9.0.24.jar:9.0.24]
	at org.apache.tomcat.util.net.SocketProcessorBase.run(SocketProcessorBase.java:49) [tomcat-embed-core-9.0.24.jar:9.0.24]
	at java.util.concurrent.ThreadPoolExecutor.runWorker(ThreadPoolExecutor.java:1149) [na:1.8.0_221]
	at java.util.concurrent.ThreadPoolExecutor$Worker.run(ThreadPoolExecutor.java:624) [na:1.8.0_221]
	at org.apache.tomcat.util.threads.TaskThread$WrappingRunnable.run(TaskThread.java:61) [tomcat-embed-core-9.0.24.jar:9.0.24]
	at java.lang.Thread.run(Thread.java:748) [na:1.8.0_221]
2019-11-28 [Thread-34] INFO  o.s.scheduling.concurrent.ThreadPoolTaskExecutor - Shutting down ExecutorService 'applicationTaskExecutor'
2019-11-28 [Thread-34] INFO  com.alibaba.druid.pool.DruidDataSource - {dataSource-3} closed
2019-11-28 [restartedMain] INFO  com.wangzhihao.springboot.SpringbootApplication - Starting SpringbootApplication on DESKTOP-F2HSABP with PID 38172 (started by sinosoft in D:\IntelliJ IDEA 2018.2.1\workspace\springboot)
2019-11-28 [restartedMain] INFO  com.wangzhihao.springboot.SpringbootApplication - The following profiles are active: dev
2019-11-28 [restartedMain] INFO  o.s.boot.web.embedded.tomcat.TomcatWebServer - Tomcat initialized with port(s): 80 (http)
2019-11-28 [restartedMain] INFO  org.apache.catalina.core.StandardService - Starting service [Tomcat]
2019-11-28 [restartedMain] INFO  org.apache.catalina.core.StandardEngine - Starting Servlet engine: [Apache Tomcat/9.0.24]
2019-11-28 [restartedMain] INFO  o.a.c.c.C.[Tomcat].[localhost].[/springboot] - Initializing Spring embedded WebApplicationContext
2019-11-28 [restartedMain] INFO  org.springframework.web.context.ContextLoader - Root WebApplicationContext: initialization completed in 952 ms
2019-11-28 [restartedMain] INFO  o.s.scheduling.concurrent.ThreadPoolTaskExecutor - Initializing ExecutorService 'applicationTaskExecutor'
2019-11-28 [restartedMain] INFO  o.s.b.a.web.servlet.WelcomePageHandlerMapping - Adding welcome page: class path resource [static/index.html]
2019-11-28 [restartedMain] INFO  o.s.b.d.autoconfigure.OptionalLiveReloadServer - LiveReload server is running on port 35729
2019-11-28 [restartedMain] INFO  o.s.boot.web.embedded.tomcat.TomcatWebServer - Tomcat started on port(s): 80 (http) with context path '/springboot'
2019-11-28 [restartedMain] INFO  com.wangzhihao.springboot.SpringbootApplication - Started SpringbootApplication in 1.428 seconds (JVM running for 1013.456)
2019-11-28 [restartedMain] INFO  o.s.b.d.a.ConditionEvaluationDeltaLoggingListener - Condition evaluation unchanged
2019-11-28 [http-nio-80-exec-2] INFO  o.a.c.c.C.[Tomcat].[localhost].[/springboot] - Initializing Spring DispatcherServlet 'dispatcherServlet'
2019-11-28 [http-nio-80-exec-2] INFO  org.springframework.web.servlet.DispatcherServlet - Initializing Servlet 'dispatcherServlet'
2019-11-28 [http-nio-80-exec-2] INFO  org.springframework.web.servlet.DispatcherServlet - Completed initialization in 5 ms
2019-11-28 [restartedMain] INFO  com.wangzhihao.springboot.SpringbootApplication - Starting SpringbootApplication on DESKTOP-F2HSABP with PID 39328 (started by sinosoft in D:\IntelliJ IDEA 2018.2.1\workspace\springboot)
2019-11-28 [restartedMain] INFO  com.wangzhihao.springboot.SpringbootApplication - The following profiles are active: dev
2019-11-28 [restartedMain] INFO  o.s.b.d.env.DevToolsPropertyDefaultsPostProcessor - Devtools property defaults active! Set 'spring.devtools.add-properties' to 'false' to disable
2019-11-28 [restartedMain] INFO  o.s.b.d.env.DevToolsPropertyDefaultsPostProcessor - For additional web related logging consider setting the 'logging.level.web' property to 'DEBUG'
2019-11-28 [restartedMain] INFO  o.s.boot.web.embedded.tomcat.TomcatWebServer - Tomcat initialized with port(s): 80 (http)
2019-11-28 [restartedMain] INFO  org.apache.catalina.core.StandardService - Starting service [Tomcat]
2019-11-28 [restartedMain] INFO  org.apache.catalina.core.StandardEngine - Starting Servlet engine: [Apache Tomcat/9.0.24]
2019-11-28 [restartedMain] INFO  o.a.c.c.C.[Tomcat].[localhost].[/springboot] - Initializing Spring embedded WebApplicationContext
2019-11-28 [restartedMain] INFO  org.springframework.web.context.ContextLoader - Root WebApplicationContext: initialization completed in 2001 ms
2019-11-28 [restartedMain] INFO  o.s.scheduling.concurrent.ThreadPoolTaskExecutor - Initializing ExecutorService 'applicationTaskExecutor'
2019-11-28 [restartedMain] INFO  o.s.b.a.web.servlet.WelcomePageHandlerMapping - Adding welcome page: class path resource [static/index.html]
2019-11-28 [restartedMain] INFO  o.s.b.d.autoconfigure.OptionalLiveReloadServer - LiveReload server is running on port 35729
2019-11-28 [restartedMain] INFO  o.s.boot.web.embedded.tomcat.TomcatWebServer - Tomcat started on port(s): 80 (http) with context path '/springboot'
2019-11-28 [restartedMain] INFO  com.wangzhihao.springboot.SpringbootApplication - Started SpringbootApplication in 4.267 seconds (JVM running for 6.493)
2019-11-28 [http-nio-80-exec-1] INFO  o.a.c.c.C.[Tomcat].[localhost].[/springboot] - Initializing Spring DispatcherServlet 'dispatcherServlet'
2019-11-28 [http-nio-80-exec-1] INFO  org.springframework.web.servlet.DispatcherServlet - Initializing Servlet 'dispatcherServlet'
2019-11-28 [http-nio-80-exec-1] INFO  org.springframework.web.servlet.DispatcherServlet - Completed initialization in 8 ms
2019-11-28 [http-nio-80-exec-1] INFO  com.alibaba.druid.pool.DruidDataSource - {dataSource-1} inited
2019-11-28 [http-nio-80-exec-1] DEBUG c.wangzhihao.springboot.mapper.UserMapper.queryOne - ==>  Preparing: select * from user where id = ?; 
2019-11-28 [http-nio-80-exec-1] DEBUG c.wangzhihao.springboot.mapper.UserMapper.queryOne - ==> Parameters: 1(Integer)
2019-11-28 [http-nio-80-exec-1] DEBUG c.wangzhihao.springboot.mapper.UserMapper.queryOne - <==      Total: 1
2019-11-28 [http-nio-80-exec-5] DEBUG c.w.springboot.mapper.UserMapper.updateOne - ==>  Preparing: update user set username=?,password=? where id=?; 
2019-11-28 [http-nio-80-exec-5] DEBUG c.w.springboot.mapper.UserMapper.updateOne - ==> Parameters: wangzhihao(String), aaa(String), 1(Integer)
2019-11-28 [http-nio-80-exec-5] DEBUG c.w.springboot.mapper.UserMapper.updateOne - <==    Updates: 1
2019-11-28 [http-nio-80-exec-10] DEBUG c.w.springboot.mapper.UserMapper.updateOne - ==>  Preparing: update user set username=?,password=? where id=?; 
2019-11-28 [http-nio-80-exec-10] DEBUG c.w.springboot.mapper.UserMapper.updateOne - ==> Parameters: wangzhihao(String), aaa(String), 1(Integer)
2019-11-28 [http-nio-80-exec-10] DEBUG c.w.springboot.mapper.UserMapper.updateOne - <==    Updates: 1
